<?xml version="1.0" encoding="utf-8" standalone="no"?>
<!--This file represents the results of running a test suite-->
<test-results name="C:\Users\victor\Documents\TheBigEvent\TheBigEvent\TheBigEvent.Test\bin\Debug\TheBigEvent.Test.dll" total="1" errors="0" failures="0" not-run="0" inconclusive="0" ignored="0" skipped="0" invalid="0" date="2016-12-01" time="09:30:02">
  <environment nunit-version="2.6.4.14350" clr-version="4.0.30319.42000" os-version="Microsoft Windows NT 6.2.9200.0" platform="Win32NT" cwd="C:\Users\victor\Documents\TheBigEvent\TheBigEvent\TheBigEvent.Test\bin\Debug" machine-name="VIVI" user="victor" user-domain="VIVI" />
  <culture-info current-culture="fr-FR" current-uiculture="fr-FR" />
  <test-suite type="Assembly" name="C:\Users\victor\Documents\TheBigEvent\TheBigEvent\TheBigEvent.Test\bin\Debug\TheBigEvent.Test.dll" executed="True" result="Success" success="True" time="0.800" asserts="0">
    <results>
      <test-suite type="Namespace" name="TheBigEvent" executed="True" result="Success" success="True" time="0.800" asserts="0">
        <results>
          <test-suite type="Namespace" name="Test" executed="True" result="Success" success="True" time="0.800" asserts="0">
            <results>
              <test-suite type="TestFixture" name="TestUser" executed="True" result="Success" success="True" time="0.800" asserts="0">
                <results>
                  <test-case name="TheBigEvent.Test.TestUser.Checktest" executed="True" result="Success" success="True" time="0.798" asserts="0" />
                </results>
              </test-suite>
            </results>
          </test-suite>
        </results>
      </test-suite>
    </results>
  </test-suite>
</test-results>